{"numFailedTestSuites":0,"numFailedTests":0,"numPassedTestSuites":3,"numPassedTests":6,"numPendingTestSuites":0,"numPendingTests":0,"numRuntimeErrorTestSuites":0,"numTodoTests":0,"numTotalTestSuites":3,"numTotalTests":6,"openHandles":[],"snapshot":{"added":0,"didUpdate":false,"failure":false,"filesAdded":0,"filesRemoved":0,"filesRemovedList":[],"filesUnmatched":0,"filesUpdated":0,"matched":0,"total":0,"unchecked":0,"uncheckedKeysByFile":[],"unmatched":0,"updated":0},"startTime":1754854380291,"success":true,"testResults":[{"assertionResults":[{"ancestorTitles":["AutonomousObserver"],"duration":2,"failureDetails":[],"failureMessages":[],"fullName":"AutonomousObserver initial status is Inactive","invocations":1,"location":null,"numPassingAsserts":1,"retryReasons":[],"status":"passed","title":"initial status is Inactive"},{"ancestorTitles":["AutonomousObserver"],"duration":8,"failureDetails":[],"failureMessages":[],"fullName":"AutonomousObserver activate sets isActive and updates status","invocations":1,"location":null,"numPassingAsserts":3,"retryReasons":[],"status":"passed","title":"activate sets isActive and updates status"},{"ancestorTitles":["AttentionTokenSystem"],"duration":1,"failureDetails":[],"failureMessages":[],"fullName":"AttentionTokenSystem initialize resolves to self","invocations":1,"location":null,"numPassingAsserts":1,"retryReasons":[],"status":"passed","title":"initialize resolves to self"},{"ancestorTitles":["AttentionTokenSystem"],"duration":0,"failureDetails":[],"failureMessages":[],"fullName":"AttentionTokenSystem exposes economy metrics","invocations":1,"location":null,"numPassingAsserts":4,"retryReasons":[],"status":"passed","title":"exposes economy metrics"}],"endTime":1754854380540,"message":"","name":"/home/main/github/UniversalLifeProtocol/autonomous-observer/test/autonomous-observer.test.js","startTime":1754854380338,"status":"passed","summary":""},{"assertionResults":[{"ancestorTitles":["Performance benchmark"],"duration":8,"failureDetails":[],"failureMessages":[],"fullName":"Performance benchmark measure getTotalSupply throughput","invocations":1,"location":null,"numPassingAsserts":1,"retryReasons":[],"status":"passed","title":"measure getTotalSupply throughput"}],"endTime":1754854380606,"message":"","name":"/home/main/github/UniversalLifeProtocol/autonomous-observer/test/performance.test.js","startTime":1754854380561,"status":"passed","summary":""},{"assertionResults":[{"ancestorTitles":["Security hygiene"],"duration":1,"failureDetails":[],"failureMessages":[],"fullName":"Security hygiene no dangerous dynamic eval in core modules","invocations":1,"location":null,"numPassingAsserts":3,"retryReasons":[],"status":"passed","title":"no dangerous dynamic eval in core modules"}],"endTime":1754854380660,"message":"","name":"/home/main/github/UniversalLifeProtocol/autonomous-observer/test/security.test.js","startTime":1754854380615,"status":"passed","summary":""}],"wasInterrupted":false}
