{"numFailedTestSuites":0,"numFailedTests":0,"numPassedTestSuites":5,"numPassedTests":8,"numPendingTestSuites":0,"numPendingTests":0,"numRuntimeErrorTestSuites":0,"numTodoTests":0,"numTotalTestSuites":5,"numTotalTests":8,"openHandles":[],"snapshot":{"added":0,"didUpdate":false,"failure":false,"filesAdded":0,"filesRemoved":0,"filesRemovedList":[],"filesUnmatched":0,"filesUpdated":0,"matched":0,"total":0,"unchecked":0,"uncheckedKeysByFile":[],"unmatched":0,"updated":0},"startTime":1754854378437,"success":true,"testResults":[{"assertionResults":[{"ancestorTitles":["AutonomousObserver"],"duration":6,"failureDetails":[],"failureMessages":[],"fullName":"AutonomousObserver initial status is Inactive","invocations":1,"location":null,"numPassingAsserts":1,"retryReasons":[],"status":"passed","title":"initial status is Inactive"},{"ancestorTitles":["AutonomousObserver"],"duration":10,"failureDetails":[],"failureMessages":[],"fullName":"AutonomousObserver activate sets isActive and updates status","invocations":1,"location":null,"numPassingAsserts":3,"retryReasons":[],"status":"passed","title":"activate sets isActive and updates status"},{"ancestorTitles":["AttentionTokenSystem"],"duration":2,"failureDetails":[],"failureMessages":[],"fullName":"AttentionTokenSystem initialize resolves to self","invocations":1,"location":null,"numPassingAsserts":1,"retryReasons":[],"status":"passed","title":"initialize resolves to self"},{"ancestorTitles":["AttentionTokenSystem"],"duration":2,"failureDetails":[],"failureMessages":[],"fullName":"AttentionTokenSystem exposes economy metrics","invocations":1,"location":null,"numPassingAsserts":4,"retryReasons":[],"status":"passed","title":"exposes economy metrics"}],"endTime":1754854379005,"message":"","name":"/home/main/github/UniversalLifeProtocol/autonomous-observer/test/autonomous-observer.test.js","startTime":1754854378612,"status":"passed","summary":""},{"assertionResults":[{"ancestorTitles":["Performance benchmark"],"duration":18,"failureDetails":[],"failureMessages":[],"fullName":"Performance benchmark measure getTotalSupply throughput","invocations":1,"location":null,"numPassingAsserts":1,"retryReasons":[],"status":"passed","title":"measure getTotalSupply throughput"}],"endTime":1754854379073,"message":"","name":"/home/main/github/UniversalLifeProtocol/autonomous-observer/test/performance.test.js","startTime":1754854378647,"status":"passed","summary":""},{"assertionResults":[{"ancestorTitles":["Security hygiene"],"duration":2,"failureDetails":[],"failureMessages":[],"fullName":"Security hygiene no dangerous dynamic eval in core modules","invocations":1,"location":null,"numPassingAsserts":3,"retryReasons":[],"status":"passed","title":"no dangerous dynamic eval in core modules"}],"endTime":1754854379124,"message":"","name":"/home/main/github/UniversalLifeProtocol/autonomous-observer/test/security.test.js","startTime":1754854379085,"status":"passed","summary":""},{"assertionResults":[{"ancestorTitles":["MCP Integration - Health Check"],"duration":2,"failureDetails":[],"failureMessages":[],"fullName":"MCP Integration - Health Check healthCheck function exists and returns ok","invocations":1,"location":null,"numPassingAsserts":2,"retryReasons":[],"status":"passed","title":"healthCheck function exists and returns ok"}],"endTime":1754854379227,"message":"","name":"/home/main/github/UniversalLifeProtocol/mcp-integration/tests/unit/health-check.test.js","startTime":1754854379030,"status":"passed","summary":""},{"assertionResults":[{"ancestorTitles":[],"duration":441,"failureDetails":[],"failureMessages":[],"fullName":"Universal Life Protocol integration suite passes","invocations":1,"location":null,"numPassingAsserts":1,"retryReasons":[],"status":"passed","title":"Universal Life Protocol integration suite passes"}],"endTime":1754854379432,"message":"","name":"/home/main/github/UniversalLifeProtocol/test/integration.test.js","startTime":1754854378614,"status":"passed","summary":""}],"wasInterrupted":false}
